<?xml version="1.0" encoding="UTF-8"?>
<testsuite name="aqa.zabelin.SeleniumTestRun" tests="1" skipped="0" failures="0" errors="0" timestamp="2023-04-23T18:48:59" hostname="LAPTOP" time="108.057">
  <properties/>
  <testcase name="qaTests()" classname="aqa.zabelin.SeleniumTestRun" time="108.057"/>
  <system-out><![CDATA[SENT CHECK STRING: 739469211
]]></system-out>
  <system-err><![CDATA[SLF4J: No SLF4J providers were found.
SLF4J: Defaulting to no-operation (NOP) logger implementation
SLF4J: See https://www.slf4j.org/codes.html#noProviders for further details.
Starting ChromeDriver 112.0.5615.49 (bd2a7bcb881c11e8cfe3078709382934e3916914-refs/branch-heads/5615@{#936}) on port 14737
Only local connections are allowed.
Please see https://chromedriver.chromium.org/security-considerations for suggestions on keeping ChromeDriver safe.
ChromeDriver was started successfully.
апр 23, 2023 11:49:09 PM org.openqa.selenium.devtools.CdpVersionFinder findNearestMatch
WARNING: Unable to find an exact match for CDP version 112, so returning the closest version found: 110
]]></system-err>
</testsuite>
